<?xml version="1.0" encoding="UTF-8"?>
<!-- Generated by org.testng.reporters.JUnitReportReporter -->
<testsuite hostname="DESKTOP-U686HAE" failures="0" tests="1" name="TLCAndroid.AppiumApp" time="31.175" errors="0" timestamp="2023-09-25T20:30:21 IST" skipped="0">
  <testcase classname="TLCAndroid.AppiumApp" name="AppiumTest" time="31.175"/>
  <system-out/>
</testsuite> <!-- TLCAndroid.AppiumApp -->
