<?xml version="1.0" encoding="UTF-8"?>
<!-- Generated by org.testng.reporters.JUnitReportReporter -->
<testsuite hostname="DESKTOP-U686HAE" failures="0" tests="1" name="TLCAndroid.AppiumApp" time="19.429" errors="0" timestamp="2023-09-29T22:19:09 IST" skipped="0">
  <testcase classname="TLCAndroid.AppiumApp" name="AppiumTest" time="19.429"/>
  <system-out/>
</testsuite> <!-- TLCAndroid.AppiumApp -->
